Unity Editor version:    2020.3.30f1 (1fb1bf06830e)
Branch:                  2020.3/staging
Build type:              Release
Batch mode:              YES
macOS version:           Version 12.2.1 (Build 21D62)
Darwin version:          21.3.0
Architecture:            x86_64
Running under Rosetta:   YES
Available memory:        32768 MB
Using pre-set license
Pro License: NO

COMMAND LINE ARGUMENTS:
/Applications/Unity/Hub/Editor/2020.3.30f1/Unity.app/Contents/MacOS/Unity
-adb2
-batchMode
-noUpm
-name
AssetImportWorker0
-projectPath
/Users/cduzgec/Desktop/Multiplayer
-logFile
Logs/AssetImportWorker0.log
-srvPort
65452
Successfully changed project path to: /Users/cduzgec/Desktop/Multiplayer
/Users/cduzgec/Desktop/Multiplayer
Using Asset Import Pipeline V2.
Refreshing native plugins compatible for Editor in 28.90 ms, found 1 plugins.
Preloading 0 native plugins for Editor in 0.00 ms.
Initialize engine version: 2020.3.30f1 (1fb1bf06830e)
[Subsystems] Discovering subsystems at path /Applications/Unity/Hub/Editor/2020.3.30f1/Unity.app/Contents/Resources/UnitySubsystems
[Subsystems] Discovering subsystems at path /Users/cduzgec/Desktop/Multiplayer/Assets
GfxDevice: creating device client; threaded=0
2022-06-04 20:08:30.392 Unity[48975:7722990] (null) preferred device: Apple M1 Pro (high power)
2022-06-04 20:08:30.392 Unity[48975:7722990] Metal devices available: 1
2022-06-04 20:08:30.392 Unity[48975:7722990] 0: Apple M1 Pro (high power)
2022-06-04 20:08:30.392 Unity[48975:7722990] Using device Apple M1 Pro (high power)
Initializing Metal device caps: Apple M1 Pro
Initialize mono
Mono path[0] = '/Applications/Unity/Hub/Editor/2020.3.30f1/Unity.app/Contents/Managed'
Mono path[1] = '/Applications/Unity/Hub/Editor/2020.3.30f1/Unity.app/Contents/MonoBleedingEdge/lib/mono/unityjit'
Mono config path = '/Applications/Unity/Hub/Editor/2020.3.30f1/Unity.app/Contents/MonoBleedingEdge/etc'
Using monoOptions --debugger-agent=transport=dt_socket,embedding=1,server=y,suspend=n,address=127.0.0.1:56975
Begin MonoManager ReloadAssembly
Registering precompiled unity dll's ...
Register platform support module: /Applications/Unity/Hub/Editor/2020.3.30f1/Unity.app/Contents/PlaybackEngines/MacStandaloneSupport/UnityEditor.OSXStandalone.Extensions.dll
Registered in 0.000285 seconds.
Native extension for OSXStandalone target not found
Refreshing native plugins compatible for Editor in 27.72 ms, found 1 plugins.
Preloading 0 native plugins for Editor in 0.00 ms.
Mono: successfully reloaded assembly
- Completed reload, in  1.077 seconds
Domain Reload Profiling:
	ReloadAssembly (1077ms)
		BeginReloadAssembly (79ms)
			ExecutionOrderSort (0ms)
			DisableScriptedObjects (0ms)
			BackupInstance (0ms)
			ReleaseScriptingObjects (0ms)
			CreateAndSetChildDomain (3ms)
		EndReloadAssembly (884ms)
			LoadAssemblies (77ms)
			RebuildTransferFunctionScriptingTraits (0ms)
			SetupTypeCache (177ms)
			ReleaseScriptCaches (0ms)
			RebuildScriptCaches (37ms)
			SetupLoadedEditorAssemblies (420ms)
				LogAssemblyErrors (0ms)
				InitializePlatformSupportModulesInManaged (12ms)
				SetLoadedEditorAssemblies (0ms)
				RefreshPlugins (28ms)
				BeforeProcessingInitializeOnLoad (26ms)
				ProcessInitializeOnLoadAttributes (263ms)
				ProcessInitializeOnLoadMethodAttributes (90ms)
				AfterProcessingInitializeOnLoad (0ms)
				EditorAssembliesLoaded (1ms)
			ExecutionOrderSort2 (0ms)
			AwakeInstancesAfterBackupRestoration (0ms)
Platform modules already initialized, skipping
Registering precompiled user dll's ...
Registered in 0.001018 seconds.
Begin MonoManager ReloadAssembly
Native extension for OSXStandalone target not found
Refreshing native plugins compatible for Editor in 0.27 ms, found 1 plugins.
Preloading 0 native plugins for Editor in 0.00 ms.
Mono: successfully reloaded assembly
- Completed reload, in  1.399 seconds
Domain Reload Profiling:
	ReloadAssembly (1401ms)
		BeginReloadAssembly (225ms)
			ExecutionOrderSort (0ms)
			DisableScriptedObjects (26ms)
			BackupInstance (0ms)
			ReleaseScriptingObjects (0ms)
			CreateAndSetChildDomain (29ms)
		EndReloadAssembly (1090ms)
			LoadAssemblies (149ms)
			RebuildTransferFunctionScriptingTraits (0ms)
			SetupTypeCache (208ms)
			ReleaseScriptCaches (0ms)
			RebuildScriptCaches (47ms)
			SetupLoadedEditorAssemblies (478ms)
				LogAssemblyErrors (0ms)
				InitializePlatformSupportModulesInManaged (14ms)
				SetLoadedEditorAssemblies (1ms)
				RefreshPlugins (0ms)
				BeforeProcessingInitializeOnLoad (93ms)
				ProcessInitializeOnLoadAttributes (341ms)
				ProcessInitializeOnLoadMethodAttributes (28ms)
				AfterProcessingInitializeOnLoad (1ms)
				EditorAssembliesLoaded (1ms)
			ExecutionOrderSort2 (0ms)
			AwakeInstancesAfterBackupRestoration (29ms)
Platform modules already initialized, skipping
Validating Project structure ... 0.007061 seconds.
Shader import version has changed; will reimport all shaders...
Upgrading shader files ...0.014012 seconds.
Application.AssetDatabase Initial Script Refresh Start
RefreshInfo: InitialScriptRefreshV2(NoUpdateAssetOptions) scanfilter:  ... 1 filters
RefreshProfiler: Total: 0.000ms
Application.AssetDatabase Initial Script Refresh End
Application.AssetDatabase.Refresh Start
Application.AssetDatabase.Refresh End
RefreshInfo: StopAssetImportingV2(ForceSynchronousImport) scanfilter: 
RefreshProfiler: Total: 0.000ms
Launching external process: /Applications/Unity/Hub/Editor/2020.3.30f1/Unity.app/Contents/Tools/UnityShaderCompiler
Launched and connected shader compiler UnityShaderCompiler after 0.02 seconds
Initializing Unity extensions:
========================================================================
Worker process is ready to serve import requests
Refreshing native plugins compatible for Editor in 0.27 ms, found 1 plugins.
Preloading 0 native plugins for Editor in 0.00 ms.
Unloading 990 Unused Serialized files (Serialized files now loaded: 0)
System memory in use before: 170.8 MB.
System memory in use after: 168.3 MB.

Unloading 193 unused Assets to reduce memory usage. Loaded Objects now: 1473.
Total: 2.547208 ms (FindLiveObjects: 0.064375 ms CreateObjectMapping: 0.022208 ms MarkObjects: 1.617792 ms  DeleteObjects: 0.842208 ms)

AssetImportParameters requested are different than current active one (requested -> active):
  custom:video-decoder-ogg-theora: a1e56fd34408186e4bbccfd4996cb3dc -> 
  custom:container-muxer-webm: aa71ff27fc2769a1b78a27578f13a17b -> 
  custom:container-demuxer-webm: 4f35f7cbe854078d1ac9338744f61a02 -> 
  custom:container-demuxer-ogg: 62fdf1f143b41e24485cea50d1cbac27 -> 
  custom:video-encoder-webm-vp8: eb34c28f22e8b96e1ab97ce403110664 -> 
  custom:framework-osx-AVFoundation: e770b220cccbd017edd2c1fefb359320 -> 
  custom:video-decoder-webm-vp8: 9c59270c3fd7afecdb556c50c9e8de78 -> 
  custom:audio-decoder-ogg-vorbis: bf7c407c2cedff20999df2af8eb42d56 -> 
  custom:audio-encoder-webm-vorbis: bf7c407c2cedff20999df2af8eb42d56 -> 
========================================================================
Received Import Request.
  path: Assets/Scripts
  artifactKey: Guid(268eea25b1a404232a6ccb18c0b55c56) Importer(815301076,1909f56bfc062723c751e8b465ee728b)
Start importing Assets/Scripts using Guid(268eea25b1a404232a6ccb18c0b55c56) Importer(815301076,1909f56bfc062723c751e8b465ee728b)  -> (artifact id: 'aed2707cd040bf1d1461ba7895377589') in 0.005413 seconds 
========================================================================
Received Import Request.
  Time since last request: 0.000242 seconds.
  path: Assets/Scripts/CameraRotation.cs
  artifactKey: Guid(c7fb919d129cf4103932b8ebcd44a3b6) Importer(815301076,1909f56bfc062723c751e8b465ee728b)
Start importing Assets/Scripts/CameraRotation.cs using Guid(c7fb919d129cf4103932b8ebcd44a3b6) Importer(815301076,1909f56bfc062723c751e8b465ee728b)  -> (artifact id: 'f13e8f6a8c6410452f1d3c88003011d7') in 0.119838 seconds 
========================================================================
Received Import Request.
  Time since last request: 0.000288 seconds.
  path: Assets/Scripts/TpsGun.cs
  artifactKey: Guid(0e63da6ac636f43a690de1919fd35892) Importer(815301076,1909f56bfc062723c751e8b465ee728b)
Start importing Assets/Scripts/TpsGun.cs using Guid(0e63da6ac636f43a690de1919fd35892) Importer(815301076,1909f56bfc062723c751e8b465ee728b)  -> (artifact id: 'a92a023a82abc829fdea36e0c5b52e74') in 0.002024 seconds 
========================================================================
Received Import Request.
  Time since last request: 6.898720 seconds.
  path: Assets/Scripts/PlayerHealth.cs
  artifactKey: Guid(3f68c52cbeccf4fb59fa45656225eb15) Importer(815301076,1909f56bfc062723c751e8b465ee728b)
Start importing Assets/Scripts/PlayerHealth.cs using Guid(3f68c52cbeccf4fb59fa45656225eb15) Importer(815301076,1909f56bfc062723c751e8b465ee728b)  -> (artifact id: '09c2c1aa56ede5c5c88a1d6491905cd0') in 0.002242 seconds 
========================================================================
Received Import Request.
  Time since last request: 10.345794 seconds.
  path: Assets/Scripts/DoorAnimation.cs
  artifactKey: Guid(22346791dbecf496582aa182bf9c78a8) Importer(815301076,1909f56bfc062723c751e8b465ee728b)
Start importing Assets/Scripts/DoorAnimation.cs using Guid(22346791dbecf496582aa182bf9c78a8) Importer(815301076,1909f56bfc062723c751e8b465ee728b)  -> (artifact id: '3653d2cf702af02f192987aedb36ccda') in 0.002575 seconds 
========================================================================
Received Import Request.
  Time since last request: 0.799624 seconds.
  path: Assets/Scripts/FpsGun.cs
  artifactKey: Guid(052d48c7c314e4d5d889b1c437b571c8) Importer(815301076,1909f56bfc062723c751e8b465ee728b)
Start importing Assets/Scripts/FpsGun.cs using Guid(052d48c7c314e4d5d889b1c437b571c8) Importer(815301076,1909f56bfc062723c751e8b465ee728b)  -> (artifact id: 'bc9a35deca2f7d8b336941aae51a78e6') in 0.002566 seconds 
========================================================================
Received Import Request.
  Time since last request: 0.710270 seconds.
  path: Assets/Scripts/IKControl.cs
  artifactKey: Guid(aa12aa1f6623646ecac90ec37763f71d) Importer(815301076,1909f56bfc062723c751e8b465ee728b)
Start importing Assets/Scripts/IKControl.cs using Guid(aa12aa1f6623646ecac90ec37763f71d) Importer(815301076,1909f56bfc062723c751e8b465ee728b)  -> (artifact id: '6ad0b6e1f210312b435efde50b53f88e') in 0.002311 seconds 
========================================================================
Received Import Request.
  Time since last request: 0.691660 seconds.
  path: Assets/Scripts/ImpactLifeCycle.cs
  artifactKey: Guid(5f83d5aadb7e84d9b9d34a45e9ba7e82) Importer(815301076,1909f56bfc062723c751e8b465ee728b)
Start importing Assets/Scripts/ImpactLifeCycle.cs using Guid(5f83d5aadb7e84d9b9d34a45e9ba7e82) Importer(815301076,1909f56bfc062723c751e8b465ee728b)  -> (artifact id: 'ab7cbee181cedd29be4b7e013ac48abd') in 0.005727 seconds 
========================================================================
Received Import Request.
  Time since last request: 0.696737 seconds.
  path: Assets/Scripts/NameTag.cs
  artifactKey: Guid(91b61984816f64f80a7572a5abde7e3f) Importer(815301076,1909f56bfc062723c751e8b465ee728b)
Start importing Assets/Scripts/NameTag.cs using Guid(91b61984816f64f80a7572a5abde7e3f) Importer(815301076,1909f56bfc062723c751e8b465ee728b)  -> (artifact id: '0a97d6b3bf13823da604b700bd8d7829') in 0.002375 seconds 
========================================================================
Received Import Request.
  Time since last request: 1.344647 seconds.
  path: Assets/Scripts/NetworkManager.cs
  artifactKey: Guid(2ab8fe696114a4d908f66bbfa38af4c1) Importer(815301076,1909f56bfc062723c751e8b465ee728b)
Start importing Assets/Scripts/NetworkManager.cs using Guid(2ab8fe696114a4d908f66bbfa38af4c1) Importer(815301076,1909f56bfc062723c751e8b465ee728b)  -> (artifact id: '7db7072edaebbe3d8e650fb3b662985e') in 0.002090 seconds 
========================================================================
Received Import Request.
  Time since last request: 1.580391 seconds.
  path: Assets/Scripts/PlayerNetworkMover.cs
  artifactKey: Guid(b88f8d865b5784f95b270faaef181ae3) Importer(815301076,1909f56bfc062723c751e8b465ee728b)
Start importing Assets/Scripts/PlayerNetworkMover.cs using Guid(b88f8d865b5784f95b270faaef181ae3) Importer(815301076,1909f56bfc062723c751e8b465ee728b)  -> (artifact id: 'aacd56307a044a8ea20484f6a43edc43') in 0.002330 seconds 
========================================================================
Received Import Request.
  Time since last request: 1.915151 seconds.
  path: Assets/Scripts/PlayerScore.cs
  artifactKey: Guid(5d326fcc51f804ed8b777e809d56dab6) Importer(815301076,1909f56bfc062723c751e8b465ee728b)
Start importing Assets/Scripts/PlayerScore.cs using Guid(5d326fcc51f804ed8b777e809d56dab6) Importer(815301076,1909f56bfc062723c751e8b465ee728b)  -> (artifact id: 'af806435f012e65617c22b4fb9a956a1') in 0.002428 seconds 
========================================================================
Received Import Request.
  Time since last request: 28.845760 seconds.
  path: Assets/Photon
  artifactKey: Guid(98951132346795f438babe7a3183da43) Importer(815301076,1909f56bfc062723c751e8b465ee728b)
Start importing Assets/Photon using Guid(98951132346795f438babe7a3183da43) Importer(815301076,1909f56bfc062723c751e8b465ee728b)  -> (artifact id: 'd55cb1e4bf0b8b1ae9a173c75b001274') in 0.000987 seconds 
========================================================================
Received Import Request.
  Time since last request: 1.611538 seconds.
  path: Assets/Photon/PhotonNetworking-Documentation.pdf
  artifactKey: Guid(c285a840e88d74462a18710772dc4bfb) Importer(815301076,1909f56bfc062723c751e8b465ee728b)
Start importing Assets/Photon/PhotonNetworking-Documentation.pdf using Guid(c285a840e88d74462a18710772dc4bfb) Importer(815301076,1909f56bfc062723c751e8b465ee728b)  -> (artifact id: '50eea82b2f2a9765c69c848c793fbda2') in 0.130205 seconds 
========================================================================
Received Import Request.
  Time since last request: 1251.298957 seconds.
  path: Assets/Prefabs/Resources
  artifactKey: Guid(0c4f077fdbca645aa859f69ebe9b079c) Importer(815301076,1909f56bfc062723c751e8b465ee728b)
Start importing Assets/Prefabs/Resources using Guid(0c4f077fdbca645aa859f69ebe9b079c) Importer(815301076,1909f56bfc062723c751e8b465ee728b)  -> (artifact id: '6ad07b59c054c9361419131ad3145e82') in 0.001465 seconds 
========================================================================
Received Import Request.
  Time since last request: 0.072656 seconds.
  path: Assets/Prefabs/Resources/GunParticles.prefab
  artifactKey: Guid(874e34dc3327e49f38e4d29b0aa68688) Importer(815301076,1909f56bfc062723c751e8b465ee728b)
Start importing Assets/Prefabs/Resources/GunParticles.prefab using Guid(874e34dc3327e49f38e4d29b0aa68688) Importer(815301076,1909f56bfc062723c751e8b465ee728b)  -> (artifact id: 'a7be42c01fd297d8adadbd3638914611') in 0.532601 seconds 
========================================================================
Received Import Request.
  Time since last request: 0.000224 seconds.
  path: Assets/Prefabs/Resources/RobotXController.prefab
  artifactKey: Guid(54777c1cda255456ca4f0742370f57cd) Importer(815301076,1909f56bfc062723c751e8b465ee728b)
Start importing Assets/Prefabs/Resources/RobotXController.prefab using Guid(54777c1cda255456ca4f0742370f57cd) Importer(815301076,1909f56bfc062723c751e8b465ee728b)  -> (artifact id: 'd85d7946c99d43d88998c8449896a68a') in 0.192850 seconds 
========================================================================
Received Import Request.
  Time since last request: 0.000246 seconds.
  path: Assets/Prefabs/Resources/impactMetal.prefab
  artifactKey: Guid(e844690db889a498ebeb210407f787c9) Importer(815301076,1909f56bfc062723c751e8b465ee728b)
Start importing Assets/Prefabs/Resources/impactMetal.prefab using Guid(e844690db889a498ebeb210407f787c9) Importer(815301076,1909f56bfc062723c751e8b465ee728b)  -> (artifact id: '43f5fb6a729e811344df364386c1bdb8') in 0.011763 seconds 
========================================================================
Received Import Request.
  Time since last request: 0.000220 seconds.
  path: Assets/Prefabs/Resources/impactWood.prefab
  artifactKey: Guid(dc84b9d0ce7194f9e8f706d7ff3e3e9c) Importer(815301076,1909f56bfc062723c751e8b465ee728b)
Start importing Assets/Prefabs/Resources/impactWood.prefab using Guid(dc84b9d0ce7194f9e8f706d7ff3e3e9c) Importer(815301076,1909f56bfc062723c751e8b465ee728b)  -> (artifact id: '94ae3f5f27e6d25735c4484ec2f5dab6') in 0.009363 seconds 
========================================================================
Received Import Request.
  Time since last request: 0.000225 seconds.
  path: Assets/Prefabs/Resources/impactDirt.prefab
  artifactKey: Guid(efb0af647838d45e697ed42ef7f947e4) Importer(815301076,1909f56bfc062723c751e8b465ee728b)
Start importing Assets/Prefabs/Resources/impactDirt.prefab using Guid(efb0af647838d45e697ed42ef7f947e4) Importer(815301076,1909f56bfc062723c751e8b465ee728b)  -> (artifact id: 'af2ea1913451b3d497f15a5fe44eb1f8') in 0.010580 seconds 
========================================================================
Received Import Request.
  Time since last request: 0.000220 seconds.
  path: Assets/Prefabs/Resources/impactWater.prefab
  artifactKey: Guid(d2ede86caeeb2415882aa7071833dc30) Importer(815301076,1909f56bfc062723c751e8b465ee728b)
Start importing Assets/Prefabs/Resources/impactWater.prefab using Guid(d2ede86caeeb2415882aa7071833dc30) Importer(815301076,1909f56bfc062723c751e8b465ee728b)  -> (artifact id: 'a4c63aab0e306d1d645cf836ddc1afd6') in 0.008283 seconds 
========================================================================
Received Import Request.
  Time since last request: 0.000300 seconds.
  path: Assets/Prefabs/Resources/impactGlass.prefab
  artifactKey: Guid(5312d5d1197434a3b8e53d9fd2b0d127) Importer(815301076,1909f56bfc062723c751e8b465ee728b)
Start importing Assets/Prefabs/Resources/impactGlass.prefab using Guid(5312d5d1197434a3b8e53d9fd2b0d127) Importer(815301076,1909f56bfc062723c751e8b465ee728b)  -> (artifact id: '2e640e96620a4b253145553b48bcb6ad') in 0.009320 seconds 
========================================================================
Received Import Request.
  Time since last request: 0.000201 seconds.
  path: Assets/Prefabs/Resources/impactConcrete.prefab
  artifactKey: Guid(967cc38047397467985712587d4018c4) Importer(815301076,1909f56bfc062723c751e8b465ee728b)
Start importing Assets/Prefabs/Resources/impactConcrete.prefab using Guid(967cc38047397467985712587d4018c4) Importer(815301076,1909f56bfc062723c751e8b465ee728b)  -> (artifact id: 'c91b7644da3fe1abdf58127ad5153e11') in 0.008106 seconds 
========================================================================
Received Import Request.
  Time since last request: 0.000195 seconds.
  path: Assets/Prefabs/Resources/RobotYController.prefab
  artifactKey: Guid(222bfbd517426492aa8cf9e362bea32c) Importer(815301076,1909f56bfc062723c751e8b465ee728b)
Start importing Assets/Prefabs/Resources/RobotYController.prefab using Guid(222bfbd517426492aa8cf9e362bea32c) Importer(815301076,1909f56bfc062723c751e8b465ee728b)  -> (artifact id: '23876b2b7ad1b97d7e3de236e39c377e') in 0.038940 seconds 
========================================================================
Received Import Request.
  Time since last request: 0.000223 seconds.
  path: Assets/Prefabs/Resources/PolicemanController.prefab
  artifactKey: Guid(230d42e8ab76442f7b8cecd0b5b2f6ed) Importer(815301076,1909f56bfc062723c751e8b465ee728b)
Start importing Assets/Prefabs/Resources/PolicemanController.prefab using Guid(230d42e8ab76442f7b8cecd0b5b2f6ed) Importer(815301076,1909f56bfc062723c751e8b465ee728b)  -> (artifact id: '9552a5ac2cee5fd25eee689abce22baf') in 0.264369 seconds 
========================================================================
Received Import Request.
  Time since last request: 0.000227 seconds.
  path: Assets/Prefabs/Resources/impactFlesh.prefab
  artifactKey: Guid(3bab7a5306f074fb9b36eaf03b86e081) Importer(815301076,1909f56bfc062723c751e8b465ee728b)
Start importing Assets/Prefabs/Resources/impactFlesh.prefab using Guid(3bab7a5306f074fb9b36eaf03b86e081) Importer(815301076,1909f56bfc062723c751e8b465ee728b)  -> (artifact id: 'f6098b3284bde7125dd15a21ca919a25') in 0.013823 seconds 
========================================================================
Received Import Request.
  Time since last request: 0.000206 seconds.
  path: Assets/Prefabs/Resources/impactBrick.prefab
  artifactKey: Guid(736044371553049199d9a2a867c7d005) Importer(815301076,1909f56bfc062723c751e8b465ee728b)
Start importing Assets/Prefabs/Resources/impactBrick.prefab using Guid(736044371553049199d9a2a867c7d005) Importer(815301076,1909f56bfc062723c751e8b465ee728b)  -> (artifact id: 'e89686ee5cd4e083f95270571e29d8a3') in 0.010546 seconds 
========================================================================
Received Prepare
Registering precompiled user dll's ...
Registered in 0.000653 seconds.
Begin MonoManager ReloadAssembly
Native extension for OSXStandalone target not found
Refreshing native plugins compatible for Editor in 0.26 ms, found 1 plugins.
Preloading 0 native plugins for Editor in 0.00 ms.
Mono: successfully reloaded assembly
Could not load PhotonServerSettings to update RPCs.
UnityEngine.StackTraceUtility:ExtractStackTrace () (at /Users/bokken/buildslave/unity/build/Runtime/Export/Scripting/StackTrace.cs:37)
UnityEngine.DebugLogHandler:LogFormat (UnityEngine.LogType,UnityEngine.Object,string,object[])
UnityEngine.Logger:Log (UnityEngine.LogType,object)
UnityEngine.Debug:LogError (object)
Photon.Pun.PhotonEditor:UpdateRpcList () (at Assets/Photon/PhotonUnityNetworking/Code/Editor/PhotonEditor.cs:682)
Photon.Pun.PhotonEditor:OnDidReloadScripts () (at Assets/Photon/PhotonUnityNetworking/Code/Editor/PhotonEditor.cs:258)

(Filename: Assets/Photon/PhotonUnityNetworking/Code/Editor/PhotonEditor.cs Line: 682)

- Completed reload, in  1.554 seconds
Domain Reload Profiling:
	ReloadAssembly (1554ms)
		BeginReloadAssembly (171ms)
			ExecutionOrderSort (0ms)
			DisableScriptedObjects (34ms)
			BackupInstance (0ms)
			ReleaseScriptingObjects (0ms)
			CreateAndSetChildDomain (38ms)
		EndReloadAssembly (1291ms)
			LoadAssemblies (160ms)
			RebuildTransferFunctionScriptingTraits (0ms)
			SetupTypeCache (224ms)
			ReleaseScriptCaches (0ms)
			RebuildScriptCaches (43ms)
			SetupLoadedEditorAssemblies (547ms)
				LogAssemblyErrors (0ms)
				InitializePlatformSupportModulesInManaged (14ms)
				SetLoadedEditorAssemblies (2ms)
				RefreshPlugins (0ms)
				BeforeProcessingInitializeOnLoad (137ms)
				ProcessInitializeOnLoadAttributes (363ms)
				ProcessInitializeOnLoadMethodAttributes (29ms)
				AfterProcessingInitializeOnLoad (1ms)
				EditorAssembliesLoaded (1ms)
			ExecutionOrderSort2 (0ms)
			AwakeInstancesAfterBackupRestoration (32ms)
Platform modules already initialized, skipping
Refreshing native plugins compatible for Editor in 0.31 ms, found 1 plugins.
Preloading 0 native plugins for Editor in 0.00 ms.
Unloading 931 Unused Serialized files (Serialized files now loaded: 0)
System memory in use before: 176.2 MB.
System memory in use after: 175.8 MB.

Unloading 14 unused Assets to reduce memory usage. Loaded Objects now: 1495.
Total: 2.175667 ms (FindLiveObjects: 0.061292 ms CreateObjectMapping: 0.022167 ms MarkObjects: 1.730666 ms  DeleteObjects: 0.360625 ms)

AssetImportParameters requested are different than current active one (requested -> active):
  custom:video-decoder-ogg-theora: a1e56fd34408186e4bbccfd4996cb3dc -> 
  custom:container-muxer-webm: aa71ff27fc2769a1b78a27578f13a17b -> 
  custom:container-demuxer-webm: 4f35f7cbe854078d1ac9338744f61a02 -> 
  custom:container-demuxer-ogg: 62fdf1f143b41e24485cea50d1cbac27 -> 
  custom:video-encoder-webm-vp8: eb34c28f22e8b96e1ab97ce403110664 -> 
  custom:framework-osx-AVFoundation: e770b220cccbd017edd2c1fefb359320 -> 
  custom:video-decoder-webm-vp8: 9c59270c3fd7afecdb556c50c9e8de78 -> 
  custom:audio-decoder-ogg-vorbis: bf7c407c2cedff20999df2af8eb42d56 -> 
  custom:audio-encoder-webm-vorbis: bf7c407c2cedff20999df2af8eb42d56 -> 
========================================================================
Received Import Request.
  Time since last request: 79.277441 seconds.
  path: Assets/Prefabs/Resources/RobotYController.prefab
  artifactKey: Guid(222bfbd517426492aa8cf9e362bea32c) Importer(815301076,1909f56bfc062723c751e8b465ee728b)
Start importing Assets/Prefabs/Resources/RobotYController.prefab using Guid(222bfbd517426492aa8cf9e362bea32c) Importer(815301076,1909f56bfc062723c751e8b465ee728b)  -> (artifact id: '986c4f9876d6235729ddd9e6e4eb0bb8') in 0.211412 seconds 
========================================================================
Received Prepare
Registering precompiled user dll's ...
Registered in 0.001371 seconds.
Begin MonoManager ReloadAssembly
Native extension for OSXStandalone target not found
Refreshing native plugins compatible for Editor in 0.26 ms, found 1 plugins.
Preloading 0 native plugins for Editor in 0.00 ms.
Mono: successfully reloaded assembly
Could not load PhotonServerSettings to update RPCs.
UnityEngine.StackTraceUtility:ExtractStackTrace () (at /Users/bokken/buildslave/unity/build/Runtime/Export/Scripting/StackTrace.cs:37)
UnityEngine.DebugLogHandler:LogFormat (UnityEngine.LogType,UnityEngine.Object,string,object[])
UnityEngine.Logger:Log (UnityEngine.LogType,object)
UnityEngine.Debug:LogError (object)
Photon.Pun.PhotonEditor:UpdateRpcList () (at Assets/Photon/PhotonUnityNetworking/Code/Editor/PhotonEditor.cs:682)
Photon.Pun.PhotonEditor:OnDidReloadScripts () (at Assets/Photon/PhotonUnityNetworking/Code/Editor/PhotonEditor.cs:258)

(Filename: Assets/Photon/PhotonUnityNetworking/Code/Editor/PhotonEditor.cs Line: 682)

- Completed reload, in  1.455 seconds
Domain Reload Profiling:
	ReloadAssembly (1455ms)
		BeginReloadAssembly (165ms)
			ExecutionOrderSort (0ms)
			DisableScriptedObjects (32ms)
			BackupInstance (0ms)
			ReleaseScriptingObjects (0ms)
			CreateAndSetChildDomain (38ms)
		EndReloadAssembly (1204ms)
			LoadAssemblies (151ms)
			RebuildTransferFunctionScriptingTraits (0ms)
			SetupTypeCache (207ms)
			ReleaseScriptCaches (0ms)
			RebuildScriptCaches (41ms)
			SetupLoadedEditorAssemblies (506ms)
				LogAssemblyErrors (0ms)
				InitializePlatformSupportModulesInManaged (13ms)
				SetLoadedEditorAssemblies (2ms)
				RefreshPlugins (0ms)
				BeforeProcessingInitializeOnLoad (127ms)
				ProcessInitializeOnLoadAttributes (338ms)
				ProcessInitializeOnLoadMethodAttributes (25ms)
				AfterProcessingInitializeOnLoad (1ms)
				EditorAssembliesLoaded (1ms)
			ExecutionOrderSort2 (0ms)
			AwakeInstancesAfterBackupRestoration (53ms)
Platform modules already initialized, skipping
Refreshing native plugins compatible for Editor in 0.26 ms, found 1 plugins.
Preloading 0 native plugins for Editor in 0.00 ms.
Unloading 931 Unused Serialized files (Serialized files now loaded: 0)
System memory in use before: 177.3 MB.
System memory in use after: 176.9 MB.

Unloading 12 unused Assets to reduce memory usage. Loaded Objects now: 1509.
Total: 2.098333 ms (FindLiveObjects: 0.062042 ms CreateObjectMapping: 0.021667 ms MarkObjects: 1.652209 ms  DeleteObjects: 0.361542 ms)

AssetImportParameters requested are different than current active one (requested -> active):
  custom:video-decoder-ogg-theora: a1e56fd34408186e4bbccfd4996cb3dc -> 
  custom:container-muxer-webm: aa71ff27fc2769a1b78a27578f13a17b -> 
  custom:container-demuxer-webm: 4f35f7cbe854078d1ac9338744f61a02 -> 
  custom:container-demuxer-ogg: 62fdf1f143b41e24485cea50d1cbac27 -> 
  custom:video-encoder-webm-vp8: eb34c28f22e8b96e1ab97ce403110664 -> 
  custom:framework-osx-AVFoundation: e770b220cccbd017edd2c1fefb359320 -> 
  custom:video-decoder-webm-vp8: 9c59270c3fd7afecdb556c50c9e8de78 -> 
  custom:audio-decoder-ogg-vorbis: bf7c407c2cedff20999df2af8eb42d56 -> 
  custom:audio-encoder-webm-vorbis: bf7c407c2cedff20999df2af8eb42d56 -> 
========================================================================
Received Import Request.
  Time since last request: 23304.006326 seconds.
  path: Assets/Models/BulletImpacts/Materials/mtBrickSpray.mat
  artifactKey: Guid(a37f8db3af9e8044a96885452603e822) Importer(815301076,1909f56bfc062723c751e8b465ee728b)
Start importing Assets/Models/BulletImpacts/Materials/mtBrickSpray.mat using Guid(a37f8db3af9e8044a96885452603e822) Importer(815301076,1909f56bfc062723c751e8b465ee728b)  -> (artifact id: '462692efb26d3ec4b2f14d257275c7a0') in 0.247476 seconds 
========================================================================
Received Prepare
Registering precompiled user dll's ...
Registered in 0.002081 seconds.
Begin MonoManager ReloadAssembly
Native extension for OSXStandalone target not found
Refreshing native plugins compatible for Editor in 0.26 ms, found 1 plugins.
Preloading 0 native plugins for Editor in 0.00 ms.
Mono: successfully reloaded assembly
Could not load PhotonServerSettings to update RPCs.
UnityEngine.StackTraceUtility:ExtractStackTrace () (at /Users/bokken/buildslave/unity/build/Runtime/Export/Scripting/StackTrace.cs:37)
UnityEngine.DebugLogHandler:LogFormat (UnityEngine.LogType,UnityEngine.Object,string,object[])
UnityEngine.Logger:Log (UnityEngine.LogType,object)
UnityEngine.Debug:LogError (object)
Photon.Pun.PhotonEditor:UpdateRpcList () (at Assets/Photon/PhotonUnityNetworking/Code/Editor/PhotonEditor.cs:682)
Photon.Pun.PhotonEditor:OnDidReloadScripts () (at Assets/Photon/PhotonUnityNetworking/Code/Editor/PhotonEditor.cs:258)

(Filename: Assets/Photon/PhotonUnityNetworking/Code/Editor/PhotonEditor.cs Line: 682)

- Completed reload, in  1.618 seconds
Domain Reload Profiling:
	ReloadAssembly (1619ms)
		BeginReloadAssembly (194ms)
			ExecutionOrderSort (0ms)
			DisableScriptedObjects (31ms)
			BackupInstance (0ms)
			ReleaseScriptingObjects (0ms)
			CreateAndSetChildDomain (37ms)
		EndReloadAssembly (1332ms)
			LoadAssemblies (196ms)
			RebuildTransferFunctionScriptingTraits (0ms)
			SetupTypeCache (231ms)
			ReleaseScriptCaches (1ms)
			RebuildScriptCaches (44ms)
			SetupLoadedEditorAssemblies (565ms)
				LogAssemblyErrors (0ms)
				InitializePlatformSupportModulesInManaged (16ms)
				SetLoadedEditorAssemblies (2ms)
				RefreshPlugins (0ms)
				BeforeProcessingInitializeOnLoad (140ms)
				ProcessInitializeOnLoadAttributes (378ms)
				ProcessInitializeOnLoadMethodAttributes (28ms)
				AfterProcessingInitializeOnLoad (1ms)
				EditorAssembliesLoaded (1ms)
			ExecutionOrderSort2 (0ms)
			AwakeInstancesAfterBackupRestoration (56ms)
Platform modules already initialized, skipping
Refreshing native plugins compatible for Editor in 0.27 ms, found 1 plugins.
Preloading 0 native plugins for Editor in 0.00 ms.
Unloading 931 Unused Serialized files (Serialized files now loaded: 0)
System memory in use before: 181.8 MB.
System memory in use after: 181.3 MB.

Unloading 12 unused Assets to reduce memory usage. Loaded Objects now: 1556.
Total: 2.262041 ms (FindLiveObjects: 0.078250 ms CreateObjectMapping: 0.021916 ms MarkObjects: 1.718917 ms  DeleteObjects: 0.442083 ms)

AssetImportParameters requested are different than current active one (requested -> active):
  custom:video-decoder-ogg-theora: a1e56fd34408186e4bbccfd4996cb3dc -> 
  custom:container-muxer-webm: aa71ff27fc2769a1b78a27578f13a17b -> 
  custom:container-demuxer-webm: 4f35f7cbe854078d1ac9338744f61a02 -> 
  custom:container-demuxer-ogg: 62fdf1f143b41e24485cea50d1cbac27 -> 
  custom:video-encoder-webm-vp8: eb34c28f22e8b96e1ab97ce403110664 -> 
  custom:framework-osx-AVFoundation: e770b220cccbd017edd2c1fefb359320 -> 
  custom:video-decoder-webm-vp8: 9c59270c3fd7afecdb556c50c9e8de78 -> 
  custom:audio-decoder-ogg-vorbis: bf7c407c2cedff20999df2af8eb42d56 -> 
  custom:audio-encoder-webm-vorbis: bf7c407c2cedff20999df2af8eb42d56 -> 
========================================================================
Received Import Request.
  Time since last request: 45.870181 seconds.
  path: Assets/Prefabs/Resources/impactBrick.prefab
  artifactKey: Guid(736044371553049199d9a2a867c7d005) Importer(815301076,1909f56bfc062723c751e8b465ee728b)
Start importing Assets/Prefabs/Resources/impactBrick.prefab using Guid(736044371553049199d9a2a867c7d005) Importer(815301076,1909f56bfc062723c751e8b465ee728b)  -> (artifact id: '87995de6843e0dd0ce9a6b4e3ca7cb69') in 0.153809 seconds 
========================================================================
Received Import Request.
  Time since last request: 1266.552126 seconds.
  path: Assets/Prefabs/Resources/RobotYController.prefab
  artifactKey: Guid(222bfbd517426492aa8cf9e362bea32c) Importer(815301076,1909f56bfc062723c751e8b465ee728b)
Start importing Assets/Prefabs/Resources/RobotYController.prefab using Guid(222bfbd517426492aa8cf9e362bea32c) Importer(815301076,1909f56bfc062723c751e8b465ee728b)  -> (artifact id: '68842e78fa5eb8f1d9ef4eb3fe679aa2') in 0.122779 seconds 
========================================================================
Received Prepare
Registering precompiled user dll's ...
Registered in 0.001519 seconds.
Begin MonoManager ReloadAssembly
Native extension for OSXStandalone target not found
Refreshing native plugins compatible for Editor in 0.34 ms, found 1 plugins.
Preloading 0 native plugins for Editor in 0.00 ms.
Mono: successfully reloaded assembly
Could not load PhotonServerSettings to update RPCs.
UnityEngine.StackTraceUtility:ExtractStackTrace () (at /Users/bokken/buildslave/unity/build/Runtime/Export/Scripting/StackTrace.cs:37)
UnityEngine.DebugLogHandler:LogFormat (UnityEngine.LogType,UnityEngine.Object,string,object[])
UnityEngine.Logger:Log (UnityEngine.LogType,object)
UnityEngine.Debug:LogError (object)
Photon.Pun.PhotonEditor:UpdateRpcList () (at Assets/Photon/PhotonUnityNetworking/Code/Editor/PhotonEditor.cs:682)
Photon.Pun.PhotonEditor:OnDidReloadScripts () (at Assets/Photon/PhotonUnityNetworking/Code/Editor/PhotonEditor.cs:258)

(Filename: Assets/Photon/PhotonUnityNetworking/Code/Editor/PhotonEditor.cs Line: 682)

- Completed reload, in  1.609 seconds
Domain Reload Profiling:
	ReloadAssembly (1610ms)
		BeginReloadAssembly (177ms)
			ExecutionOrderSort (0ms)
			DisableScriptedObjects (32ms)
			BackupInstance (0ms)
			ReleaseScriptingObjects (0ms)
			CreateAndSetChildDomain (41ms)
		EndReloadAssembly (1341ms)
			LoadAssemblies (162ms)
			RebuildTransferFunctionScriptingTraits (0ms)
			SetupTypeCache (224ms)
			ReleaseScriptCaches (1ms)
			RebuildScriptCaches (45ms)
			SetupLoadedEditorAssemblies (575ms)
				LogAssemblyErrors (0ms)
				InitializePlatformSupportModulesInManaged (16ms)
				SetLoadedEditorAssemblies (2ms)
				RefreshPlugins (0ms)
				BeforeProcessingInitializeOnLoad (142ms)
				ProcessInitializeOnLoadAttributes (387ms)
				ProcessInitializeOnLoadMethodAttributes (27ms)
				AfterProcessingInitializeOnLoad (1ms)
				EditorAssembliesLoaded (1ms)
			ExecutionOrderSort2 (0ms)
			AwakeInstancesAfterBackupRestoration (57ms)
Platform modules already initialized, skipping
Refreshing native plugins compatible for Editor in 0.34 ms, found 1 plugins.
Preloading 0 native plugins for Editor in 0.00 ms.
Unloading 931 Unused Serialized files (Serialized files now loaded: 0)
System memory in use before: 182.2 MB.
System memory in use after: 181.8 MB.

Unloading 12 unused Assets to reduce memory usage. Loaded Objects now: 1570.
Total: 2.461125 ms (FindLiveObjects: 0.074333 ms CreateObjectMapping: 0.022416 ms MarkObjects: 1.896125 ms  DeleteObjects: 0.467583 ms)

AssetImportParameters requested are different than current active one (requested -> active):
  custom:video-decoder-ogg-theora: a1e56fd34408186e4bbccfd4996cb3dc -> 
  custom:container-muxer-webm: aa71ff27fc2769a1b78a27578f13a17b -> 
  custom:container-demuxer-webm: 4f35f7cbe854078d1ac9338744f61a02 -> 
  custom:container-demuxer-ogg: 62fdf1f143b41e24485cea50d1cbac27 -> 
  custom:video-encoder-webm-vp8: eb34c28f22e8b96e1ab97ce403110664 -> 
  custom:framework-osx-AVFoundation: e770b220cccbd017edd2c1fefb359320 -> 
  custom:video-decoder-webm-vp8: 9c59270c3fd7afecdb556c50c9e8de78 -> 
  custom:audio-decoder-ogg-vorbis: bf7c407c2cedff20999df2af8eb42d56 -> 
  custom:audio-encoder-webm-vorbis: bf7c407c2cedff20999df2af8eb42d56 -> 
========================================================================
Received Prepare
Registering precompiled user dll's ...
Registered in 0.000642 seconds.
Begin MonoManager ReloadAssembly
Native extension for OSXStandalone target not found
Refreshing native plugins compatible for Editor in 0.27 ms, found 1 plugins.
Preloading 0 native plugins for Editor in 0.00 ms.
Mono: successfully reloaded assembly
Could not load PhotonServerSettings to update RPCs.
UnityEngine.StackTraceUtility:ExtractStackTrace () (at /Users/bokken/buildslave/unity/build/Runtime/Export/Scripting/StackTrace.cs:37)
UnityEngine.DebugLogHandler:LogFormat (UnityEngine.LogType,UnityEngine.Object,string,object[])
UnityEngine.Logger:Log (UnityEngine.LogType,object)
UnityEngine.Debug:LogError (object)
Photon.Pun.PhotonEditor:UpdateRpcList () (at Assets/Photon/PhotonUnityNetworking/Code/Editor/PhotonEditor.cs:682)
Photon.Pun.PhotonEditor:OnDidReloadScripts () (at Assets/Photon/PhotonUnityNetworking/Code/Editor/PhotonEditor.cs:258)

(Filename: Assets/Photon/PhotonUnityNetworking/Code/Editor/PhotonEditor.cs Line: 682)

- Completed reload, in  1.616 seconds
Domain Reload Profiling:
	ReloadAssembly (1617ms)
		BeginReloadAssembly (178ms)
			ExecutionOrderSort (0ms)
			DisableScriptedObjects (35ms)
			BackupInstance (0ms)
			ReleaseScriptingObjects (0ms)
			CreateAndSetChildDomain (39ms)
		EndReloadAssembly (1342ms)
			LoadAssemblies (171ms)
			RebuildTransferFunctionScriptingTraits (0ms)
			SetupTypeCache (219ms)
			ReleaseScriptCaches (1ms)
			RebuildScriptCaches (44ms)
			SetupLoadedEditorAssemblies (582ms)
				LogAssemblyErrors (0ms)
				InitializePlatformSupportModulesInManaged (16ms)
				SetLoadedEditorAssemblies (2ms)
				RefreshPlugins (0ms)
				BeforeProcessingInitializeOnLoad (140ms)
				ProcessInitializeOnLoadAttributes (393ms)
				ProcessInitializeOnLoadMethodAttributes (29ms)
				AfterProcessingInitializeOnLoad (1ms)
				EditorAssembliesLoaded (1ms)
			ExecutionOrderSort2 (0ms)
			AwakeInstancesAfterBackupRestoration (59ms)
Platform modules already initialized, skipping
Refreshing native plugins compatible for Editor in 0.30 ms, found 1 plugins.
Preloading 0 native plugins for Editor in 0.00 ms.
Unloading 931 Unused Serialized files (Serialized files now loaded: 0)
System memory in use before: 182.4 MB.
System memory in use after: 181.9 MB.

Unloading 12 unused Assets to reduce memory usage. Loaded Objects now: 1583.
Total: 2.263584 ms (FindLiveObjects: 0.073916 ms CreateObjectMapping: 0.022375 ms MarkObjects: 1.733916 ms  DeleteObjects: 0.432667 ms)

AssetImportParameters requested are different than current active one (requested -> active):
  custom:video-decoder-ogg-theora: a1e56fd34408186e4bbccfd4996cb3dc -> 
  custom:container-muxer-webm: aa71ff27fc2769a1b78a27578f13a17b -> 
  custom:container-demuxer-webm: 4f35f7cbe854078d1ac9338744f61a02 -> 
  custom:container-demuxer-ogg: 62fdf1f143b41e24485cea50d1cbac27 -> 
  custom:video-encoder-webm-vp8: eb34c28f22e8b96e1ab97ce403110664 -> 
  custom:framework-osx-AVFoundation: e770b220cccbd017edd2c1fefb359320 -> 
  custom:video-decoder-webm-vp8: 9c59270c3fd7afecdb556c50c9e8de78 -> 
  custom:audio-decoder-ogg-vorbis: bf7c407c2cedff20999df2af8eb42d56 -> 
  custom:audio-encoder-webm-vorbis: bf7c407c2cedff20999df2af8eb42d56 -> 
========================================================================
Received Prepare
Registering precompiled user dll's ...
Registered in 0.001335 seconds.
Begin MonoManager ReloadAssembly
Native extension for OSXStandalone target not found
Refreshing native plugins compatible for Editor in 0.26 ms, found 1 plugins.
Preloading 0 native plugins for Editor in 0.00 ms.
Mono: successfully reloaded assembly
Could not load PhotonServerSettings to update RPCs.
UnityEngine.StackTraceUtility:ExtractStackTrace () (at /Users/bokken/buildslave/unity/build/Runtime/Export/Scripting/StackTrace.cs:37)
UnityEngine.DebugLogHandler:LogFormat (UnityEngine.LogType,UnityEngine.Object,string,object[])
UnityEngine.Logger:Log (UnityEngine.LogType,object)
UnityEngine.Debug:LogError (object)
Photon.Pun.PhotonEditor:UpdateRpcList () (at Assets/Photon/PhotonUnityNetworking/Code/Editor/PhotonEditor.cs:682)
Photon.Pun.PhotonEditor:OnDidReloadScripts () (at Assets/Photon/PhotonUnityNetworking/Code/Editor/PhotonEditor.cs:258)

(Filename: Assets/Photon/PhotonUnityNetworking/Code/Editor/PhotonEditor.cs Line: 682)

- Completed reload, in  1.522 seconds
Domain Reload Profiling:
	ReloadAssembly (1522ms)
		BeginReloadAssembly (165ms)
			ExecutionOrderSort (0ms)
			DisableScriptedObjects (32ms)
			BackupInstance (0ms)
			ReleaseScriptingObjects (0ms)
			CreateAndSetChildDomain (38ms)
		EndReloadAssembly (1267ms)
			LoadAssemblies (153ms)
			RebuildTransferFunctionScriptingTraits (0ms)
			SetupTypeCache (221ms)
			ReleaseScriptCaches (0ms)
			RebuildScriptCaches (45ms)
			SetupLoadedEditorAssemblies (546ms)
				LogAssemblyErrors (0ms)
				InitializePlatformSupportModulesInManaged (14ms)
				SetLoadedEditorAssemblies (1ms)
				RefreshPlugins (0ms)
				BeforeProcessingInitializeOnLoad (133ms)
				ProcessInitializeOnLoadAttributes (345ms)
				ProcessInitializeOnLoadMethodAttributes (51ms)
				AfterProcessingInitializeOnLoad (1ms)
				EditorAssembliesLoaded (1ms)
			ExecutionOrderSort2 (0ms)
			AwakeInstancesAfterBackupRestoration (49ms)
Platform modules already initialized, skipping
Refreshing native plugins compatible for Editor in 0.30 ms, found 1 plugins.
Preloading 0 native plugins for Editor in 0.00 ms.
Unloading 931 Unused Serialized files (Serialized files now loaded: 0)
System memory in use before: 182.5 MB.
System memory in use after: 182.1 MB.

Unloading 12 unused Assets to reduce memory usage. Loaded Objects now: 1596.
Total: 2.228166 ms (FindLiveObjects: 0.072417 ms CreateObjectMapping: 0.021291 ms MarkObjects: 1.711625 ms  DeleteObjects: 0.422083 ms)

AssetImportParameters requested are different than current active one (requested -> active):
  custom:video-decoder-ogg-theora: a1e56fd34408186e4bbccfd4996cb3dc -> 
  custom:container-muxer-webm: aa71ff27fc2769a1b78a27578f13a17b -> 
  custom:container-demuxer-webm: 4f35f7cbe854078d1ac9338744f61a02 -> 
  custom:container-demuxer-ogg: 62fdf1f143b41e24485cea50d1cbac27 -> 
  custom:video-encoder-webm-vp8: eb34c28f22e8b96e1ab97ce403110664 -> 
  custom:framework-osx-AVFoundation: e770b220cccbd017edd2c1fefb359320 -> 
  custom:video-decoder-webm-vp8: 9c59270c3fd7afecdb556c50c9e8de78 -> 
  custom:audio-decoder-ogg-vorbis: bf7c407c2cedff20999df2af8eb42d56 -> 
  custom:audio-encoder-webm-vorbis: bf7c407c2cedff20999df2af8eb42d56 -> 
========================================================================
Received Import Request.
  Time since last request: 2644.384778 seconds.
  path: Assets/Sprites
  artifactKey: Guid(926af4b2ac2644445b16db27a031cfef) Importer(815301076,1909f56bfc062723c751e8b465ee728b)
Start importing Assets/Sprites using Guid(926af4b2ac2644445b16db27a031cfef) Importer(815301076,1909f56bfc062723c751e8b465ee728b)  -> (artifact id: '063be115d4e6a74286fd4d15f2e30d59') in 0.004022 seconds 
========================================================================
Received Import Request.
  Time since last request: 0.014811 seconds.
  path: Assets/Sprites/Heart.png
  artifactKey: Guid(a20dd933c4d154c29b659d038e4f1bc5) Importer(815301076,1909f56bfc062723c751e8b465ee728b)
Start importing Assets/Sprites/Heart.png using Guid(a20dd933c4d154c29b659d038e4f1bc5) Importer(815301076,1909f56bfc062723c751e8b465ee728b)  -> (artifact id: 'ffcb178547c5c57228fe31c31159a2ee') in 0.468747 seconds 
========================================================================
Received Import Request.
  Time since last request: 0.000201 seconds.
  path: Assets/Sprites/UIShootingSight.png
  artifactKey: Guid(403581a7208b145fdadc6b7c7ddc137b) Importer(815301076,1909f56bfc062723c751e8b465ee728b)
Start importing Assets/Sprites/UIShootingSight.png using Guid(403581a7208b145fdadc6b7c7ddc137b) Importer(815301076,1909f56bfc062723c751e8b465ee728b)  -> (artifact id: '08654e63c5a03dfbeec4b6c0f918a2ad') in 0.020555 seconds 
========================================================================
Received Prepare
Registering precompiled user dll's ...
Registered in 0.001748 seconds.
Begin MonoManager ReloadAssembly
Native extension for OSXStandalone target not found
Refreshing native plugins compatible for Editor in 0.26 ms, found 1 plugins.
Preloading 0 native plugins for Editor in 0.00 ms.
Mono: successfully reloaded assembly
Could not load PhotonServerSettings to update RPCs.
UnityEngine.StackTraceUtility:ExtractStackTrace () (at /Users/bokken/buildslave/unity/build/Runtime/Export/Scripting/StackTrace.cs:37)
UnityEngine.DebugLogHandler:LogFormat (UnityEngine.LogType,UnityEngine.Object,string,object[])
UnityEngine.Logger:Log (UnityEngine.LogType,object)
UnityEngine.Debug:LogError (object)
Photon.Pun.PhotonEditor:UpdateRpcList () (at Assets/Photon/PhotonUnityNetworking/Code/Editor/PhotonEditor.cs:682)
Photon.Pun.PhotonEditor:OnDidReloadScripts () (at Assets/Photon/PhotonUnityNetworking/Code/Editor/PhotonEditor.cs:258)

(Filename: Assets/Photon/PhotonUnityNetworking/Code/Editor/PhotonEditor.cs Line: 682)

- Completed reload, in  1.538 seconds
Domain Reload Profiling:
	ReloadAssembly (1539ms)
		BeginReloadAssembly (163ms)
			ExecutionOrderSort (0ms)
			DisableScriptedObjects (31ms)
			BackupInstance (0ms)
			ReleaseScriptingObjects (0ms)
			CreateAndSetChildDomain (36ms)
		EndReloadAssembly (1286ms)
			LoadAssemblies (155ms)
			RebuildTransferFunctionScriptingTraits (0ms)
			SetupTypeCache (223ms)
			ReleaseScriptCaches (0ms)
			RebuildScriptCaches (44ms)
			SetupLoadedEditorAssemblies (546ms)
				LogAssemblyErrors (0ms)
				InitializePlatformSupportModulesInManaged (15ms)
				SetLoadedEditorAssemblies (2ms)
				RefreshPlugins (0ms)
				BeforeProcessingInitializeOnLoad (136ms)
				ProcessInitializeOnLoadAttributes (365ms)
				ProcessInitializeOnLoadMethodAttributes (26ms)
				AfterProcessingInitializeOnLoad (1ms)
				EditorAssembliesLoaded (1ms)
			ExecutionOrderSort2 (0ms)
			AwakeInstancesAfterBackupRestoration (55ms)
Platform modules already initialized, skipping
Refreshing native plugins compatible for Editor in 0.26 ms, found 1 plugins.
Preloading 0 native plugins for Editor in 0.00 ms.
Unloading 930 Unused Serialized files (Serialized files now loaded: 0)
System memory in use before: 186.6 MB.
System memory in use after: 186.2 MB.

Unloading 13 unused Assets to reduce memory usage. Loaded Objects now: 1611.
Total: 2.267375 ms (FindLiveObjects: 0.066584 ms CreateObjectMapping: 0.022166 ms MarkObjects: 1.725667 ms  DeleteObjects: 0.452250 ms)

AssetImportParameters requested are different than current active one (requested -> active):
  custom:video-decoder-ogg-theora: a1e56fd34408186e4bbccfd4996cb3dc -> 
  custom:container-muxer-webm: aa71ff27fc2769a1b78a27578f13a17b -> 
  custom:container-demuxer-webm: 4f35f7cbe854078d1ac9338744f61a02 -> 
  custom:container-demuxer-ogg: 62fdf1f143b41e24485cea50d1cbac27 -> 
  custom:video-encoder-webm-vp8: eb34c28f22e8b96e1ab97ce403110664 -> 
  custom:framework-osx-AVFoundation: e770b220cccbd017edd2c1fefb359320 -> 
  custom:video-decoder-webm-vp8: 9c59270c3fd7afecdb556c50c9e8de78 -> 
  custom:audio-decoder-ogg-vorbis: bf7c407c2cedff20999df2af8eb42d56 -> 
  custom:audio-encoder-webm-vorbis: bf7c407c2cedff20999df2af8eb42d56 -> 
========================================================================
Received Prepare
Registering precompiled user dll's ...
Registered in 0.000949 seconds.
Begin MonoManager ReloadAssembly
Native extension for OSXStandalone target not found
Refreshing native plugins compatible for Editor in 0.27 ms, found 1 plugins.
Preloading 0 native plugins for Editor in 0.00 ms.
Mono: successfully reloaded assembly
Could not load PhotonServerSettings to update RPCs.
UnityEngine.StackTraceUtility:ExtractStackTrace () (at /Users/bokken/buildslave/unity/build/Runtime/Export/Scripting/StackTrace.cs:37)
UnityEngine.DebugLogHandler:LogFormat (UnityEngine.LogType,UnityEngine.Object,string,object[])
UnityEngine.Logger:Log (UnityEngine.LogType,object)
UnityEngine.Debug:LogError (object)
Photon.Pun.PhotonEditor:UpdateRpcList () (at Assets/Photon/PhotonUnityNetworking/Code/Editor/PhotonEditor.cs:682)
Photon.Pun.PhotonEditor:OnDidReloadScripts () (at Assets/Photon/PhotonUnityNetworking/Code/Editor/PhotonEditor.cs:258)

(Filename: Assets/Photon/PhotonUnityNetworking/Code/Editor/PhotonEditor.cs Line: 682)

- Completed reload, in  1.482 seconds
Domain Reload Profiling:
	ReloadAssembly (1482ms)
		BeginReloadAssembly (159ms)
			ExecutionOrderSort (0ms)
			DisableScriptedObjects (30ms)
			BackupInstance (0ms)
			ReleaseScriptingObjects (0ms)
			CreateAndSetChildDomain (36ms)
		EndReloadAssembly (1233ms)
			LoadAssemblies (150ms)
			RebuildTransferFunctionScriptingTraits (0ms)
			SetupTypeCache (218ms)
			ReleaseScriptCaches (1ms)
			RebuildScriptCaches (42ms)
			SetupLoadedEditorAssemblies (524ms)
				LogAssemblyErrors (0ms)
				InitializePlatformSupportModulesInManaged (14ms)
				SetLoadedEditorAssemblies (1ms)
				RefreshPlugins (0ms)
				BeforeProcessingInitializeOnLoad (130ms)
				ProcessInitializeOnLoadAttributes (353ms)
				ProcessInitializeOnLoadMethodAttributes (24ms)
				AfterProcessingInitializeOnLoad (1ms)
				EditorAssembliesLoaded (1ms)
			ExecutionOrderSort2 (0ms)
			AwakeInstancesAfterBackupRestoration (51ms)
Platform modules already initialized, skipping
Refreshing native plugins compatible for Editor in 0.28 ms, found 1 plugins.
Preloading 0 native plugins for Editor in 0.00 ms.
Unloading 931 Unused Serialized files (Serialized files now loaded: 0)
System memory in use before: 186.9 MB.
System memory in use after: 186.4 MB.

Unloading 12 unused Assets to reduce memory usage. Loaded Objects now: 1625.
Total: 2.341166 ms (FindLiveObjects: 0.072083 ms CreateObjectMapping: 0.024666 ms MarkObjects: 1.794709 ms  DeleteObjects: 0.448875 ms)

AssetImportParameters requested are different than current active one (requested -> active):
  custom:video-decoder-ogg-theora: a1e56fd34408186e4bbccfd4996cb3dc -> 
  custom:container-muxer-webm: aa71ff27fc2769a1b78a27578f13a17b -> 
  custom:container-demuxer-webm: 4f35f7cbe854078d1ac9338744f61a02 -> 
  custom:container-demuxer-ogg: 62fdf1f143b41e24485cea50d1cbac27 -> 
  custom:video-encoder-webm-vp8: eb34c28f22e8b96e1ab97ce403110664 -> 
  custom:framework-osx-AVFoundation: e770b220cccbd017edd2c1fefb359320 -> 
  custom:video-decoder-webm-vp8: 9c59270c3fd7afecdb556c50c9e8de78 -> 
  custom:audio-decoder-ogg-vorbis: bf7c407c2cedff20999df2af8eb42d56 -> 
  custom:audio-encoder-webm-vorbis: bf7c407c2cedff20999df2af8eb42d56 -> 
========================================================================
Received Import Request.
  Time since last request: 167.665373 seconds.
  path: Assets/Scripts/PlayerScore.cs
  artifactKey: Guid(5d326fcc51f804ed8b777e809d56dab6) Importer(815301076,1909f56bfc062723c751e8b465ee728b)
Start importing Assets/Scripts/PlayerScore.cs using Guid(5d326fcc51f804ed8b777e809d56dab6) Importer(815301076,1909f56bfc062723c751e8b465ee728b)  -> (artifact id: '4a44dc50055ce68128bb43732b093bad') in 0.005676 seconds 
========================================================================
Received Prepare
Registering precompiled user dll's ...
Registered in 0.000690 seconds.
Begin MonoManager ReloadAssembly
Native extension for OSXStandalone target not found
Refreshing native plugins compatible for Editor in 0.33 ms, found 1 plugins.
Preloading 0 native plugins for Editor in 0.00 ms.
Mono: successfully reloaded assembly
Could not load PhotonServerSettings to update RPCs.
UnityEngine.StackTraceUtility:ExtractStackTrace () (at /Users/bokken/buildslave/unity/build/Runtime/Export/Scripting/StackTrace.cs:37)
UnityEngine.DebugLogHandler:LogFormat (UnityEngine.LogType,UnityEngine.Object,string,object[])
UnityEngine.Logger:Log (UnityEngine.LogType,object)
UnityEngine.Debug:LogError (object)
Photon.Pun.PhotonEditor:UpdateRpcList () (at Assets/Photon/PhotonUnityNetworking/Code/Editor/PhotonEditor.cs:682)
Photon.Pun.PhotonEditor:OnDidReloadScripts () (at Assets/Photon/PhotonUnityNetworking/Code/Editor/PhotonEditor.cs:258)

(Filename: Assets/Photon/PhotonUnityNetworking/Code/Editor/PhotonEditor.cs Line: 682)

- Completed reload, in  1.559 seconds
Domain Reload Profiling:
	ReloadAssembly (1559ms)
		BeginReloadAssembly (166ms)
			ExecutionOrderSort (0ms)
			DisableScriptedObjects (33ms)
			BackupInstance (0ms)
			ReleaseScriptingObjects (0ms)
			CreateAndSetChildDomain (36ms)
		EndReloadAssembly (1298ms)
			LoadAssemblies (159ms)
			RebuildTransferFunctionScriptingTraits (0ms)
			SetupTypeCache (223ms)
			ReleaseScriptCaches (1ms)
			RebuildScriptCaches (44ms)
			SetupLoadedEditorAssemblies (547ms)
				LogAssemblyErrors (0ms)
				InitializePlatformSupportModulesInManaged (17ms)
				SetLoadedEditorAssemblies (2ms)
				RefreshPlugins (0ms)
				BeforeProcessingInitializeOnLoad (146ms)
				ProcessInitializeOnLoadAttributes (354ms)
				ProcessInitializeOnLoadMethodAttributes (27ms)
				AfterProcessingInitializeOnLoad (1ms)
				EditorAssembliesLoaded (1ms)
			ExecutionOrderSort2 (0ms)
			AwakeInstancesAfterBackupRestoration (52ms)
Platform modules already initialized, skipping
Refreshing native plugins compatible for Editor in 0.27 ms, found 1 plugins.
Preloading 0 native plugins for Editor in 0.00 ms.
Unloading 930 Unused Serialized files (Serialized files now loaded: 0)
System memory in use before: 187.0 MB.
System memory in use after: 186.6 MB.

Unloading 13 unused Assets to reduce memory usage. Loaded Objects now: 1637.
Total: 2.223875 ms (FindLiveObjects: 0.075666 ms CreateObjectMapping: 0.023209 ms MarkObjects: 1.698166 ms  DeleteObjects: 0.425875 ms)

AssetImportParameters requested are different than current active one (requested -> active):
  custom:video-decoder-ogg-theora: a1e56fd34408186e4bbccfd4996cb3dc -> 
  custom:container-muxer-webm: aa71ff27fc2769a1b78a27578f13a17b -> 
  custom:container-demuxer-webm: 4f35f7cbe854078d1ac9338744f61a02 -> 
  custom:container-demuxer-ogg: 62fdf1f143b41e24485cea50d1cbac27 -> 
  custom:video-encoder-webm-vp8: eb34c28f22e8b96e1ab97ce403110664 -> 
  custom:framework-osx-AVFoundation: e770b220cccbd017edd2c1fefb359320 -> 
  custom:video-decoder-webm-vp8: 9c59270c3fd7afecdb556c50c9e8de78 -> 
  custom:audio-decoder-ogg-vorbis: bf7c407c2cedff20999df2af8eb42d56 -> 
  custom:audio-encoder-webm-vorbis: bf7c407c2cedff20999df2af8eb42d56 -> 
========================================================================
Received Prepare
Registering precompiled user dll's ...
Registered in 0.001923 seconds.
Begin MonoManager ReloadAssembly
Native extension for OSXStandalone target not found
Refreshing native plugins compatible for Editor in 0.29 ms, found 1 plugins.
Preloading 0 native plugins for Editor in 0.00 ms.
Mono: successfully reloaded assembly
Could not load PhotonServerSettings to update RPCs.
UnityEngine.StackTraceUtility:ExtractStackTrace () (at /Users/bokken/buildslave/unity/build/Runtime/Export/Scripting/StackTrace.cs:37)
UnityEngine.DebugLogHandler:LogFormat (UnityEngine.LogType,UnityEngine.Object,string,object[])
UnityEngine.Logger:Log (UnityEngine.LogType,object)
UnityEngine.Debug:LogError (object)
Photon.Pun.PhotonEditor:UpdateRpcList () (at Assets/Photon/PhotonUnityNetworking/Code/Editor/PhotonEditor.cs:682)
Photon.Pun.PhotonEditor:OnDidReloadScripts () (at Assets/Photon/PhotonUnityNetworking/Code/Editor/PhotonEditor.cs:258)

(Filename: Assets/Photon/PhotonUnityNetworking/Code/Editor/PhotonEditor.cs Line: 682)

- Completed reload, in  1.510 seconds
Domain Reload Profiling:
	ReloadAssembly (1511ms)
		BeginReloadAssembly (161ms)
			ExecutionOrderSort (0ms)
			DisableScriptedObjects (34ms)
			BackupInstance (0ms)
			ReleaseScriptingObjects (0ms)
			CreateAndSetChildDomain (37ms)
		EndReloadAssembly (1262ms)
			LoadAssemblies (145ms)
			RebuildTransferFunctionScriptingTraits (0ms)
			SetupTypeCache (215ms)
			ReleaseScriptCaches (1ms)
			RebuildScriptCaches (43ms)
			SetupLoadedEditorAssemblies (548ms)
				LogAssemblyErrors (0ms)
				InitializePlatformSupportModulesInManaged (14ms)
				SetLoadedEditorAssemblies (1ms)
				RefreshPlugins (0ms)
				BeforeProcessingInitializeOnLoad (128ms)
				ProcessInitializeOnLoadAttributes (354ms)
				ProcessInitializeOnLoadMethodAttributes (49ms)
				AfterProcessingInitializeOnLoad (1ms)
				EditorAssembliesLoaded (1ms)
			ExecutionOrderSort2 (0ms)
			AwakeInstancesAfterBackupRestoration (54ms)
Platform modules already initialized, skipping
Refreshing native plugins compatible for Editor in 0.25 ms, found 1 plugins.
Preloading 0 native plugins for Editor in 0.00 ms.
Unloading 930 Unused Serialized files (Serialized files now loaded: 0)
System memory in use before: 187.2 MB.
System memory in use after: 186.8 MB.

Unloading 12 unused Assets to reduce memory usage. Loaded Objects now: 1650.
Total: 2.234000 ms (FindLiveObjects: 0.073250 ms CreateObjectMapping: 0.022375 ms MarkObjects: 1.695584 ms  DeleteObjects: 0.441958 ms)

AssetImportParameters requested are different than current active one (requested -> active):
  custom:video-decoder-ogg-theora: a1e56fd34408186e4bbccfd4996cb3dc -> 
  custom:container-muxer-webm: aa71ff27fc2769a1b78a27578f13a17b -> 
  custom:container-demuxer-webm: 4f35f7cbe854078d1ac9338744f61a02 -> 
  custom:container-demuxer-ogg: 62fdf1f143b41e24485cea50d1cbac27 -> 
  custom:video-encoder-webm-vp8: eb34c28f22e8b96e1ab97ce403110664 -> 
  custom:framework-osx-AVFoundation: e770b220cccbd017edd2c1fefb359320 -> 
  custom:video-decoder-webm-vp8: 9c59270c3fd7afecdb556c50c9e8de78 -> 
  custom:audio-decoder-ogg-vorbis: bf7c407c2cedff20999df2af8eb42d56 -> 
  custom:audio-encoder-webm-vorbis: bf7c407c2cedff20999df2af8eb42d56 -> 
========================================================================
Received Prepare
Registering precompiled user dll's ...
Registered in 0.000559 seconds.
Begin MonoManager ReloadAssembly
Native extension for OSXStandalone target not found
Refreshing native plugins compatible for Editor in 0.27 ms, found 1 plugins.
Preloading 0 native plugins for Editor in 0.00 ms.
Mono: successfully reloaded assembly
Could not load PhotonServerSettings to update RPCs.
UnityEngine.StackTraceUtility:ExtractStackTrace () (at /Users/bokken/buildslave/unity/build/Runtime/Export/Scripting/StackTrace.cs:37)
UnityEngine.DebugLogHandler:LogFormat (UnityEngine.LogType,UnityEngine.Object,string,object[])
UnityEngine.Logger:Log (UnityEngine.LogType,object)
UnityEngine.Debug:LogError (object)
Photon.Pun.PhotonEditor:UpdateRpcList () (at Assets/Photon/PhotonUnityNetworking/Code/Editor/PhotonEditor.cs:682)
Photon.Pun.PhotonEditor:OnDidReloadScripts () (at Assets/Photon/PhotonUnityNetworking/Code/Editor/PhotonEditor.cs:258)

(Filename: Assets/Photon/PhotonUnityNetworking/Code/Editor/PhotonEditor.cs Line: 682)

- Completed reload, in  1.470 seconds
Domain Reload Profiling:
	ReloadAssembly (1471ms)
		BeginReloadAssembly (164ms)
			ExecutionOrderSort (0ms)
			DisableScriptedObjects (36ms)
			BackupInstance (0ms)
			ReleaseScriptingObjects (0ms)
			CreateAndSetChildDomain (36ms)
		EndReloadAssembly (1218ms)
			LoadAssemblies (155ms)
			RebuildTransferFunctionScriptingTraits (0ms)
			SetupTypeCache (204ms)
			ReleaseScriptCaches (0ms)
			RebuildScriptCaches (43ms)
			SetupLoadedEditorAssemblies (515ms)
				LogAssemblyErrors (0ms)
				InitializePlatformSupportModulesInManaged (13ms)
				SetLoadedEditorAssemblies (1ms)
				RefreshPlugins (0ms)
				BeforeProcessingInitializeOnLoad (124ms)
				ProcessInitializeOnLoadAttributes (348ms)
				ProcessInitializeOnLoadMethodAttributes (27ms)
				AfterProcessingInitializeOnLoad (1ms)
				EditorAssembliesLoaded (1ms)
			ExecutionOrderSort2 (0ms)
			AwakeInstancesAfterBackupRestoration (53ms)
Platform modules already initialized, skipping
Refreshing native plugins compatible for Editor in 0.24 ms, found 1 plugins.
Preloading 0 native plugins for Editor in 0.00 ms.
Unloading 930 Unused Serialized files (Serialized files now loaded: 0)
System memory in use before: 187.3 MB.
System memory in use after: 187.0 MB.

Unloading 12 unused Assets to reduce memory usage. Loaded Objects now: 1663.
Total: 2.181875 ms (FindLiveObjects: 0.068958 ms CreateObjectMapping: 0.022042 ms MarkObjects: 1.706875 ms  DeleteObjects: 0.383167 ms)

AssetImportParameters requested are different than current active one (requested -> active):
  custom:video-decoder-ogg-theora: a1e56fd34408186e4bbccfd4996cb3dc -> 
  custom:container-muxer-webm: aa71ff27fc2769a1b78a27578f13a17b -> 
  custom:container-demuxer-webm: 4f35f7cbe854078d1ac9338744f61a02 -> 
  custom:container-demuxer-ogg: 62fdf1f143b41e24485cea50d1cbac27 -> 
  custom:video-encoder-webm-vp8: eb34c28f22e8b96e1ab97ce403110664 -> 
  custom:framework-osx-AVFoundation: e770b220cccbd017edd2c1fefb359320 -> 
  custom:video-decoder-webm-vp8: 9c59270c3fd7afecdb556c50c9e8de78 -> 
  custom:audio-decoder-ogg-vorbis: bf7c407c2cedff20999df2af8eb42d56 -> 
  custom:audio-encoder-webm-vorbis: bf7c407c2cedff20999df2af8eb42d56 -> 
========================================================================
Received Import Request.
  Time since last request: 57.454877 seconds.
  path: Assets/Prefabs/Resources/RobotXController.prefab
  artifactKey: Guid(54777c1cda255456ca4f0742370f57cd) Importer(815301076,1909f56bfc062723c751e8b465ee728b)
Start importing Assets/Prefabs/Resources/RobotXController.prefab using Guid(54777c1cda255456ca4f0742370f57cd) Importer(815301076,1909f56bfc062723c751e8b465ee728b)  -> (artifact id: 'c8a41a7501e3f8aa0ef48725d153f5f1') in 0.230973 seconds 
========================================================================
Received Import Request.
  Time since last request: 19.862853 seconds.
  path: Assets/Prefabs/Resources/PolicemanController.prefab
  artifactKey: Guid(230d42e8ab76442f7b8cecd0b5b2f6ed) Importer(815301076,1909f56bfc062723c751e8b465ee728b)
Start importing Assets/Prefabs/Resources/PolicemanController.prefab using Guid(230d42e8ab76442f7b8cecd0b5b2f6ed) Importer(815301076,1909f56bfc062723c751e8b465ee728b)  -> (artifact id: '593b1d2941bffe79ba3442a759195d1e') in 0.093105 seconds 
========================================================================
Received Import Request.
  Time since last request: 14.013436 seconds.
  path: Assets/Prefabs/Resources/RobotYController.prefab
  artifactKey: Guid(222bfbd517426492aa8cf9e362bea32c) Importer(815301076,1909f56bfc062723c751e8b465ee728b)
Start importing Assets/Prefabs/Resources/RobotYController.prefab using Guid(222bfbd517426492aa8cf9e362bea32c) Importer(815301076,1909f56bfc062723c751e8b465ee728b)  -> (artifact id: '9a4b16ffd3ef388bf19a3b1f58bc7b0c') in 0.048162 seconds 
========================================================================
Received Prepare
Registering precompiled user dll's ...
Registered in 0.001742 seconds.
Begin MonoManager ReloadAssembly
Native extension for OSXStandalone target not found
Refreshing native plugins compatible for Editor in 0.27 ms, found 1 plugins.
Preloading 0 native plugins for Editor in 0.00 ms.
Mono: successfully reloaded assembly
Could not load PhotonServerSettings to update RPCs.
UnityEngine.StackTraceUtility:ExtractStackTrace () (at /Users/bokken/buildslave/unity/build/Runtime/Export/Scripting/StackTrace.cs:37)
UnityEngine.DebugLogHandler:LogFormat (UnityEngine.LogType,UnityEngine.Object,string,object[])
UnityEngine.Logger:Log (UnityEngine.LogType,object)
UnityEngine.Debug:LogError (object)
Photon.Pun.PhotonEditor:UpdateRpcList () (at Assets/Photon/PhotonUnityNetworking/Code/Editor/PhotonEditor.cs:682)
Photon.Pun.PhotonEditor:OnDidReloadScripts () (at Assets/Photon/PhotonUnityNetworking/Code/Editor/PhotonEditor.cs:258)

(Filename: Assets/Photon/PhotonUnityNetworking/Code/Editor/PhotonEditor.cs Line: 682)

- Completed reload, in  1.539 seconds
Domain Reload Profiling:
	ReloadAssembly (1539ms)
		BeginReloadAssembly (165ms)
			ExecutionOrderSort (0ms)
			DisableScriptedObjects (35ms)
			BackupInstance (0ms)
			ReleaseScriptingObjects (0ms)
			CreateAndSetChildDomain (37ms)
		EndReloadAssembly (1286ms)
			LoadAssemblies (146ms)
			RebuildTransferFunctionScriptingTraits (0ms)
			SetupTypeCache (220ms)
			ReleaseScriptCaches (1ms)
			RebuildScriptCaches (44ms)
			SetupLoadedEditorAssemblies (551ms)
				LogAssemblyErrors (0ms)
				InitializePlatformSupportModulesInManaged (15ms)
				SetLoadedEditorAssemblies (1ms)
				RefreshPlugins (0ms)
				BeforeProcessingInitializeOnLoad (135ms)
				ProcessInitializeOnLoadAttributes (371ms)
				ProcessInitializeOnLoadMethodAttributes (26ms)
				AfterProcessingInitializeOnLoad (1ms)
				EditorAssembliesLoaded (1ms)
			ExecutionOrderSort2 (0ms)
			AwakeInstancesAfterBackupRestoration (56ms)
Platform modules already initialized, skipping
Refreshing native plugins compatible for Editor in 0.29 ms, found 1 plugins.
Preloading 0 native plugins for Editor in 0.00 ms.
Unloading 929 Unused Serialized files (Serialized files now loaded: 0)
System memory in use before: 187.9 MB.
System memory in use after: 187.5 MB.

Unloading 13 unused Assets to reduce memory usage. Loaded Objects now: 1676.
Total: 2.346916 ms (FindLiveObjects: 0.084041 ms CreateObjectMapping: 0.022542 ms MarkObjects: 1.807208 ms  DeleteObjects: 0.432375 ms)

AssetImportParameters requested are different than current active one (requested -> active):
  custom:video-decoder-ogg-theora: a1e56fd34408186e4bbccfd4996cb3dc -> 
  custom:container-muxer-webm: aa71ff27fc2769a1b78a27578f13a17b -> 
  custom:container-demuxer-webm: 4f35f7cbe854078d1ac9338744f61a02 -> 
  custom:container-demuxer-ogg: 62fdf1f143b41e24485cea50d1cbac27 -> 
  custom:video-encoder-webm-vp8: eb34c28f22e8b96e1ab97ce403110664 -> 
  custom:framework-osx-AVFoundation: e770b220cccbd017edd2c1fefb359320 -> 
  custom:video-decoder-webm-vp8: 9c59270c3fd7afecdb556c50c9e8de78 -> 
  custom:audio-decoder-ogg-vorbis: bf7c407c2cedff20999df2af8eb42d56 -> 
  custom:audio-encoder-webm-vorbis: bf7c407c2cedff20999df2af8eb42d56 -> 
